<?xml version="1.0" encoding="UTF-8"?>
<!-- Generated by org.testng.reporters.JUnitReportReporter -->
<testsuite hostname="DESKTOP-SVHOJRM" failures="0" tests="1" name="testcases.TC3_Logout" time="6.604" errors="0" timestamp="2024-11-20T19:29:22 IST" skipped="0">
  <testcase classname="testcases.TC3_Logout" name="testLogout" time="6.604"/>
  <system-out/>
</testsuite> <!-- testcases.TC3_Logout -->
