<?xml version="1.0" encoding="UTF-8"?>
<!-- Generated by org.testng.reporters.JUnitReportReporter -->
<testsuite hostname="DESKTOP-SVHOJRM" failures="0" tests="1" name="testcases.TC2_Login" time="4.941" errors="0" timestamp="2024-11-20T19:29:22 IST" skipped="0">
  <testcase classname="testcases.TC2_Login" name="testLoginWithValidCredentials" time="4.941"/>
  <system-out/>
</testsuite> <!-- testcases.TC2_Login -->
