<?xml version="1.0" encoding="UTF-8"?>
<!-- Generated by org.testng.reporters.JUnitReportReporter -->
<testsuite hostname="DESKTOP-SVHOJRM" failures="0" tests="1" name="testcases.TC6_EndToEndTest" time="18.094" errors="0" timestamp="2024-11-22T15:17:03 IST" skipped="0">
  <testcase classname="testcases.TC6_EndToEndTest" name="executeEndToEndTest" time="18.094"/>
  <system-out/>
</testsuite> <!-- testcases.TC6_EndToEndTest -->
