<?xml version="1.0" encoding="UTF-8"?>
<!-- Generated by org.testng.reporters.JUnitReportReporter -->
<testsuite hostname="DESKTOP-SVHOJRM" failures="0" tests="1" name="testcases.TC1_Registration" time="6.303" errors="0" timestamp="2024-11-20T19:22:17 IST" skipped="0">
  <testcase classname="testcases.TC1_Registration" name="testUserRegistration" time="6.303"/>
  <system-out/>
</testsuite> <!-- testcases.TC1_Registration -->
